d:\storage\daniil\gorenie_version\gorenie_try1_10\sundials_build\src\ida\sundials_ida_obj_static.dir\release\ida_spils.obj
d:\storage\daniil\gorenie_version\gorenie_try1_10\sundials_build\src\ida\sundials_ida_obj_static.dir\release\ida_nls.obj
d:\storage\daniil\gorenie_version\gorenie_try1_10\sundials_build\src\ida\sundials_ida_obj_static.dir\release\ida_ls.obj
d:\storage\daniil\gorenie_version\gorenie_try1_10\sundials_build\src\ida\sundials_ida_obj_static.dir\release\ida_io.obj
d:\storage\daniil\gorenie_version\gorenie_try1_10\sundials_build\src\ida\sundials_ida_obj_static.dir\release\ida_ic.obj
d:\storage\daniil\gorenie_version\gorenie_try1_10\sundials_build\src\ida\sundials_ida_obj_static.dir\release\ida_direct.obj
d:\storage\daniil\gorenie_version\gorenie_try1_10\sundials_build\src\ida\sundials_ida_obj_static.dir\release\ida_bbdpre.obj
d:\storage\daniil\gorenie_version\gorenie_try1_10\sundials_build\src\ida\sundials_ida_obj_static.dir\release\ida.obj
d:\storage\daniil\gorenie_version\gorenie_try1_10\sundials_build\src\ida\cmakefiles\generate.stamp
d:\storage\daniil\gorenie_version\gorenie_try1_10\sundials_build\src\ida\sundials_ida_obj_static.dir\release\sundials_ida_obj_static.lib
d:\storage\daniil\gorenie_version\gorenie_try1_10\sundials_build\src\ida\sundials_ida_obj_static.dir\release\sundials.7231d7e9.tlog\cl.command.1.tlog
d:\storage\daniil\gorenie_version\gorenie_try1_10\sundials_build\src\ida\sundials_ida_obj_static.dir\release\sundials.7231d7e9.tlog\cl.items.tlog
d:\storage\daniil\gorenie_version\gorenie_try1_10\sundials_build\src\ida\sundials_ida_obj_static.dir\release\sundials.7231d7e9.tlog\cl.read.1.tlog
d:\storage\daniil\gorenie_version\gorenie_try1_10\sundials_build\src\ida\sundials_ida_obj_static.dir\release\sundials.7231d7e9.tlog\cl.write.1.tlog
d:\storage\daniil\gorenie_version\gorenie_try1_10\sundials_build\src\ida\sundials_ida_obj_static.dir\release\sundials.7231d7e9.tlog\custombuild.command.1.tlog
d:\storage\daniil\gorenie_version\gorenie_try1_10\sundials_build\src\ida\sundials_ida_obj_static.dir\release\sundials.7231d7e9.tlog\custombuild.read.1.tlog
d:\storage\daniil\gorenie_version\gorenie_try1_10\sundials_build\src\ida\sundials_ida_obj_static.dir\release\sundials.7231d7e9.tlog\custombuild.write.1.tlog
d:\storage\daniil\gorenie_version\gorenie_try1_10\sundials_build\src\ida\sundials_ida_obj_static.dir\release\sundials.7231d7e9.tlog\lib-link.read.1.tlog
d:\storage\daniil\gorenie_version\gorenie_try1_10\sundials_build\src\ida\sundials_ida_obj_static.dir\release\sundials.7231d7e9.tlog\lib-link.write.1.tlog
d:\storage\daniil\gorenie_version\gorenie_try1_10\sundials_build\src\ida\sundials_ida_obj_static.dir\release\sundials.7231d7e9.tlog\lib.command.1.tlog
