  Building Custom Rule D:/Storage/Daniil/gorenie_version/gorenie_try1_10/sundials/sundials-6.5.1/src/ida/CMakeLists.txt
  ida.c
D:\Storage\Daniil\gorenie_version\gorenie_try1_10\sundials\sundials-6.5.1\src\sundials\sundials_hashmap.h(26,48): warning C4305: инициализация: усечение из "unsigned __int64" в "const unsigned long"
D:\Storage\Daniil\gorenie_version\gorenie_try1_10\sundials\sundials-6.5.1\src\sundials\sundials_hashmap.h(27,48): warning C4305: инициализация: усечение из "unsigned __int64" в "const unsigned long"
D:\Storage\Daniil\gorenie_version\gorenie_try1_10\sundials\sundials-6.5.1\src\ida\ida.c(718,32): warning C4244: +=: преобразование "sunindextype" в "long", возможна потеря данных
D:\Storage\Daniil\gorenie_version\gorenie_try1_10\sundials\sundials-6.5.1\src\ida\ida.c(719,32): warning C4244: +=: преобразование "sunindextype" в "long", возможна потеря данных
D:\Storage\Daniil\gorenie_version\gorenie_try1_10\sundials\sundials-6.5.1\src\ida\ida.c(1719,36): warning C4244: +=: преобразование "sunindextype" в "long", возможна потеря данных
D:\Storage\Daniil\gorenie_version\gorenie_try1_10\sundials\sundials-6.5.1\src\ida\ida.c(1720,36): warning C4244: +=: преобразование "sunindextype" в "long", возможна потеря данных
D:\Storage\Daniil\gorenie_version\gorenie_try1_10\sundials\sundials-6.5.1\src\ida\ida.c(1753,36): warning C4244: -=: преобразование "sunindextype" в "long", возможна потеря данных
D:\Storage\Daniil\gorenie_version\gorenie_try1_10\sundials\sundials-6.5.1\src\ida\ida.c(1754,36): warning C4244: -=: преобразование "sunindextype" в "long", возможна потеря данных
D:\Storage\Daniil\gorenie_version\gorenie_try1_10\sundials\sundials-6.5.1\src\ida\ida.c(1758,32): warning C4244: -=: преобразование "sunindextype" в "long", возможна потеря данных
D:\Storage\Daniil\gorenie_version\gorenie_try1_10\sundials\sundials-6.5.1\src\ida\ida.c(1759,32): warning C4244: -=: преобразование "sunindextype" в "long", возможна потеря данных
D:\Storage\Daniil\gorenie_version\gorenie_try1_10\sundials\sundials-6.5.1\src\ida\ida.c(1765,32): warning C4244: -=: преобразование "sunindextype" в "long", возможна потеря данных
D:\Storage\Daniil\gorenie_version\gorenie_try1_10\sundials\sundials-6.5.1\src\ida\ida.c(1766,32): warning C4244: -=: преобразование "sunindextype" в "long", возможна потеря данных
D:\Storage\Daniil\gorenie_version\gorenie_try1_10\sundials\sundials-6.5.1\src\ida\ida.c(1771,32): warning C4244: -=: преобразование "sunindextype" в "long", возможна потеря данных
D:\Storage\Daniil\gorenie_version\gorenie_try1_10\sundials\sundials-6.5.1\src\ida\ida.c(1772,32): warning C4244: -=: преобразование "sunindextype" в "long", возможна потеря данных
  ida_bbdpre.c
D:\Storage\Daniil\gorenie_version\gorenie_try1_10\sundials\sundials-6.5.1\src\sundials\sundials_hashmap.h(26,48): warning C4305: инициализация: усечение из "unsigned __int64" в "const unsigned long"
D:\Storage\Daniil\gorenie_version\gorenie_try1_10\sundials\sundials-6.5.1\src\sundials\sundials_hashmap.h(27,48): warning C4305: инициализация: усечение из "unsigned __int64" в "const unsigned long"
D:\Storage\Daniil\gorenie_version\gorenie_try1_10\sundials\sundials-6.5.1\src\ida\ida_bbdpre.c(244,24): warning C4244: +=: преобразование "sunindextype" в "long", возможна потеря данных
D:\Storage\Daniil\gorenie_version\gorenie_try1_10\sundials\sundials-6.5.1\src\ida\ida_bbdpre.c(245,24): warning C4244: +=: преобразование "sunindextype" в "long", возможна потеря данных
D:\Storage\Daniil\gorenie_version\gorenie_try1_10\sundials\sundials-6.5.1\src\ida\ida_bbdpre.c(249,24): warning C4244: +=: преобразование "sunindextype" в "long", возможна потеря данных
D:\Storage\Daniil\gorenie_version\gorenie_try1_10\sundials\sundials-6.5.1\src\ida\ida_bbdpre.c(250,24): warning C4244: +=: преобразование "sunindextype" в "long", возможна потеря данных
  ida_direct.c
  ida_ic.c
D:\Storage\Daniil\gorenie_version\gorenie_try1_10\sundials\sundials-6.5.1\src\sundials\sundials_hashmap.h(26,48): warning C4305: инициализация: усечение из "unsigned __int64" в "const unsigned long"
D:\Storage\Daniil\gorenie_version\gorenie_try1_10\sundials\sundials-6.5.1\src\sundials\sundials_hashmap.h(27,48): warning C4305: инициализация: усечение из "unsigned __int64" в "const unsigned long"
  ida_io.c
D:\Storage\Daniil\gorenie_version\gorenie_try1_10\sundials\sundials-6.5.1\src\sundials\sundials_hashmap.h(26,48): warning C4305: инициализация: усечение из "unsigned __int64" в "const unsigned long"
D:\Storage\Daniil\gorenie_version\gorenie_try1_10\sundials\sundials-6.5.1\src\sundials\sundials_hashmap.h(27,48): warning C4305: инициализация: усечение из "unsigned __int64" в "const unsigned long"
D:\Storage\Daniil\gorenie_version\gorenie_try1_10\sundials\sundials-6.5.1\src\ida\ida_io.c(548,34): warning C4244: -=: преобразование "sunindextype" в "long", возможна потеря данных
D:\Storage\Daniil\gorenie_version\gorenie_try1_10\sundials\sundials-6.5.1\src\ida\ida_io.c(549,34): warning C4244: -=: преобразование "sunindextype" в "long", возможна потеря данных
D:\Storage\Daniil\gorenie_version\gorenie_try1_10\sundials\sundials-6.5.1\src\ida\ida_io.c(557,32): warning C4244: +=: преобразование "sunindextype" в "long", возможна потеря данных
D:\Storage\Daniil\gorenie_version\gorenie_try1_10\sundials\sundials-6.5.1\src\ida\ida_io.c(558,32): warning C4244: +=: преобразование "sunindextype" в "long", возможна потеря данных
D:\Storage\Daniil\gorenie_version\gorenie_try1_10\sundials\sundials-6.5.1\src\ida\ida_io.c(586,34): warning C4244: -=: преобразование "sunindextype" в "long", возможна потеря данных
D:\Storage\Daniil\gorenie_version\gorenie_try1_10\sundials\sundials-6.5.1\src\ida\ida_io.c(587,34): warning C4244: -=: преобразование "sunindextype" в "long", возможна потеря данных
D:\Storage\Daniil\gorenie_version\gorenie_try1_10\sundials\sundials-6.5.1\src\ida\ida_io.c(615,32): warning C4244: +=: преобразование "sunindextype" в "long", возможна потеря данных
D:\Storage\Daniil\gorenie_version\gorenie_try1_10\sundials\sundials-6.5.1\src\ida\ida_io.c(616,32): warning C4244: +=: преобразование "sunindextype" в "long", возможна потеря данных
  ida_ls.c
D:\Storage\Daniil\gorenie_version\gorenie_try1_10\sundials\sundials-6.5.1\src\sundials\sundials_hashmap.h(26,48): warning C4305: инициализация: усечение из "unsigned __int64" в "const unsigned long"
D:\Storage\Daniil\gorenie_version\gorenie_try1_10\sundials\sundials-6.5.1\src\sundials\sundials_hashmap.h(27,48): warning C4305: инициализация: усечение из "unsigned __int64" в "const unsigned long"
D:\Storage\Daniil\gorenie_version\gorenie_try1_10\sundials\sundials-6.5.1\src\ida\ida_ls.c(252,25): warning C4244: функция: преобразование "sunindextype" в "double", возможна потеря данных
D:\Storage\Daniil\gorenie_version\gorenie_try1_10\sundials\sundials-6.5.1\src\ida\ida_ls.c(353,25): warning C4244: функция: преобразование "sunindextype" в "double", возможна потеря данных
D:\Storage\Daniil\gorenie_version\gorenie_try1_10\sundials\sundials-6.5.1\src\ida\ida_ls.c(603,18): warning C4244: +=: преобразование "sunindextype" в "long", возможна потеря данных
D:\Storage\Daniil\gorenie_version\gorenie_try1_10\sundials\sundials-6.5.1\src\ida\ida_ls.c(604,18): warning C4244: +=: преобразование "sunindextype" в "long", возможна потеря данных
  ida_nls.c
D:\Storage\Daniil\gorenie_version\gorenie_try1_10\sundials\sundials-6.5.1\src\sundials\sundials_hashmap.h(26,48): warning C4305: инициализация: усечение из "unsigned __int64" в "const unsigned long"
D:\Storage\Daniil\gorenie_version\gorenie_try1_10\sundials\sundials-6.5.1\src\sundials\sundials_hashmap.h(27,48): warning C4305: инициализация: усечение из "unsigned __int64" в "const unsigned long"
  ida_spils.c
  Создание кода...
  sundials_ida_obj_static.vcxproj -> D:\Storage\Daniil\gorenie_version\gorenie_try1_10\sundials_build\src\ida\sundials_ida_obj_static.dir\Debug\sundials_ida_obj_static.lib
