  Building Custom Rule D:/Storage/Daniil/gorenie_version/gorenie_try1_10/sundials/sundials-6.5.1/examples/kinsol/serial/CMakeLists.txt
  kinLaplace_picard_kry.c
D:\Storage\Daniil\gorenie_version\gorenie_try1_10\sundials\sundials-6.5.1\include\kinsol\kinsol.h(143,1): warning C4141: dllimport: используется несколько раз
D:\Storage\Daniil\gorenie_version\gorenie_try1_10\sundials\sundials-6.5.1\examples\kinsol\serial\kinLaplace_picard_kry.c(147,12): warning C4996: 'KINSetInfoFile': Use SUNLogger_SetInfoFilename instead
kinLaplace_picard_kry.obj : error LNK2019: ссылка на неразрешенный внешний символ __imp_KINSetLinearSolver в функции main.
kinLaplace_picard_kry.obj : error LNK2019: ссылка на неразрешенный внешний символ __imp_KINSetJacTimesVecFn в функции main.
kinLaplace_picard_kry.obj : error LNK2019: ссылка на неразрешенный внешний символ __imp_KINGetLinWorkSpace в функции PrintFinalStats.
kinLaplace_picard_kry.obj : error LNK2019: ссылка на неразрешенный внешний символ __imp_KINGetNumLinFuncEvals в функции PrintFinalStats.
kinLaplace_picard_kry.obj : error LNK2019: ссылка на неразрешенный внешний символ __imp_KINGetNumPrecEvals в функции PrintFinalStats.
kinLaplace_picard_kry.obj : error LNK2019: ссылка на неразрешенный внешний символ __imp_KINGetNumPrecSolves в функции PrintFinalStats.
kinLaplace_picard_kry.obj : error LNK2019: ссылка на неразрешенный внешний символ __imp_KINGetNumLinIters в функции PrintFinalStats.
kinLaplace_picard_kry.obj : error LNK2019: ссылка на неразрешенный внешний символ __imp_KINGetNumLinConvFails в функции PrintFinalStats.
kinLaplace_picard_kry.obj : error LNK2019: ссылка на неразрешенный внешний символ __imp_KINGetNumJtimesEvals в функции PrintFinalStats.
kinLaplace_picard_kry.obj : error LNK2019: ссылка на неразрешенный внешний символ __imp_KINCreate в функции main.
kinLaplace_picard_kry.obj : error LNK2019: ссылка на неразрешенный внешний символ __imp_KINInit в функции main.
kinLaplace_picard_kry.obj : error LNK2019: ссылка на неразрешенный внешний символ __imp_KINSol в функции main.
kinLaplace_picard_kry.obj : error LNK2019: ссылка на неразрешенный внешний символ __imp_KINSetMAA в функции main.
kinLaplace_picard_kry.obj : error LNK2019: ссылка на неразрешенный внешний символ __imp_KINSetFuncNormTol в функции main.
kinLaplace_picard_kry.obj : error LNK2019: ссылка на неразрешенный внешний символ __imp_KINSetInfoFile в функции main.
kinLaplace_picard_kry.obj : error LNK2019: ссылка на неразрешенный внешний символ __imp_KINSetPrintLevel в функции main.
kinLaplace_picard_kry.obj : error LNK2019: ссылка на неразрешенный внешний символ __imp_KINGetWorkSpace в функции PrintFinalStats.
kinLaplace_picard_kry.obj : error LNK2019: ссылка на неразрешенный внешний символ __imp_KINGetNumNonlinSolvIters в функции PrintFinalStats.
kinLaplace_picard_kry.obj : error LNK2019: ссылка на неразрешенный внешний символ __imp_KINGetNumFuncEvals в функции PrintFinalStats.
kinLaplace_picard_kry.obj : error LNK2019: ссылка на неразрешенный внешний символ __imp_KINGetFuncNorm в функции main.
kinLaplace_picard_kry.obj : error LNK2019: ссылка на неразрешенный внешний символ __imp_KINFree в функции main.
kinLaplace_picard_kry.obj : error LNK2019: ссылка на неразрешенный внешний символ __imp_SUNLinSol_SPGMR в функции main.
D:\Storage\Daniil\gorenie_version\gorenie_try1_10\sundials_build\bin\Release\kinLaplace_picard_kry.exe : fatal error LNK1120: неразрешенных внешних элементов: 22
