d:\storage\daniil\gorenie_version\gorenie_try1_10\sundials_build\src\idas\sundials_idas_obj_shared.dir\release\idas_spils.obj
d:\storage\daniil\gorenie_version\gorenie_try1_10\sundials_build\src\idas\sundials_idas_obj_shared.dir\release\idas_nls_stg.obj
d:\storage\daniil\gorenie_version\gorenie_try1_10\sundials_build\src\idas\sundials_idas_obj_shared.dir\release\idas_nls_sim.obj
d:\storage\daniil\gorenie_version\gorenie_try1_10\sundials_build\src\idas\sundials_idas_obj_shared.dir\release\idas_nls.obj
d:\storage\daniil\gorenie_version\gorenie_try1_10\sundials_build\src\idas\sundials_idas_obj_shared.dir\release\idas_bbdpre.obj
d:\storage\daniil\gorenie_version\gorenie_try1_10\sundials_build\src\idas\sundials_idas_obj_shared.dir\release\idas_ls.obj
d:\storage\daniil\gorenie_version\gorenie_try1_10\sundials_build\src\idas\sundials_idas_obj_shared.dir\release\idaa_io.obj
d:\storage\daniil\gorenie_version\gorenie_try1_10\sundials_build\src\idas\sundials_idas_obj_shared.dir\release\idas_ic.obj
d:\storage\daniil\gorenie_version\gorenie_try1_10\sundials_build\src\idas\sundials_idas_obj_shared.dir\release\idas_io.obj
d:\storage\daniil\gorenie_version\gorenie_try1_10\sundials_build\src\idas\sundials_idas_obj_shared.dir\release\idas_direct.obj
d:\storage\daniil\gorenie_version\gorenie_try1_10\sundials_build\src\idas\sundials_idas_obj_shared.dir\release\idaa.obj
d:\storage\daniil\gorenie_version\gorenie_try1_10\sundials_build\src\idas\sundials_idas_obj_shared.dir\release\idas.obj
d:\storage\daniil\gorenie_version\gorenie_try1_10\sundials_build\src\idas\cmakefiles\generate.stamp
d:\storage\daniil\gorenie_version\gorenie_try1_10\sundials_build\src\idas\sundials_idas_obj_shared.dir\release\sundials_idas_obj_shared.lib
d:\storage\daniil\gorenie_version\gorenie_try1_10\sundials_build\src\idas\sundials_idas_obj_shared.dir\release\sundials.6eb13d64.tlog\cl.command.1.tlog
d:\storage\daniil\gorenie_version\gorenie_try1_10\sundials_build\src\idas\sundials_idas_obj_shared.dir\release\sundials.6eb13d64.tlog\cl.items.tlog
d:\storage\daniil\gorenie_version\gorenie_try1_10\sundials_build\src\idas\sundials_idas_obj_shared.dir\release\sundials.6eb13d64.tlog\cl.read.1.tlog
d:\storage\daniil\gorenie_version\gorenie_try1_10\sundials_build\src\idas\sundials_idas_obj_shared.dir\release\sundials.6eb13d64.tlog\cl.write.1.tlog
d:\storage\daniil\gorenie_version\gorenie_try1_10\sundials_build\src\idas\sundials_idas_obj_shared.dir\release\sundials.6eb13d64.tlog\custombuild.command.1.tlog
d:\storage\daniil\gorenie_version\gorenie_try1_10\sundials_build\src\idas\sundials_idas_obj_shared.dir\release\sundials.6eb13d64.tlog\custombuild.read.1.tlog
d:\storage\daniil\gorenie_version\gorenie_try1_10\sundials_build\src\idas\sundials_idas_obj_shared.dir\release\sundials.6eb13d64.tlog\custombuild.write.1.tlog
d:\storage\daniil\gorenie_version\gorenie_try1_10\sundials_build\src\idas\sundials_idas_obj_shared.dir\release\sundials.6eb13d64.tlog\lib-link.read.1.tlog
d:\storage\daniil\gorenie_version\gorenie_try1_10\sundials_build\src\idas\sundials_idas_obj_shared.dir\release\sundials.6eb13d64.tlog\lib-link.write.1.tlog
d:\storage\daniil\gorenie_version\gorenie_try1_10\sundials_build\src\idas\sundials_idas_obj_shared.dir\release\sundials.6eb13d64.tlog\lib.command.1.tlog
