d:\storage\daniil\combustion\0709_gorenie\x64\debug\vc143.pdb
d:\storage\daniil\combustion\0709_gorenie\x64\debug\vc143.idb
d:\storage\daniil\combustion\0709_gorenie\x64\debug\0709_gorenie.obj
d:\storage\daniil\combustion\0709_gorenie\x64\debug\json_writer.obj
d:\storage\daniil\combustion\0709_gorenie\x64\debug\json_value.obj
d:\storage\daniil\combustion\0709_gorenie\x64\debug\json_util.obj
d:\storage\daniil\combustion\0709_gorenie\x64\debug\json_reader.obj
d:\storage\daniil\combustion\0709_gorenie\x64\debug\transportparser.obj
d:\storage\daniil\combustion\0709_gorenie\x64\debug\transport.obj
d:\storage\daniil\combustion\0709_gorenie\x64\debug\thermoparser.obj
d:\storage\daniil\combustion\0709_gorenie\x64\debug\thermo.obj
d:\storage\daniil\combustion\0709_gorenie\x64\debug\stringfunctions.obj
d:\storage\daniil\combustion\0709_gorenie\x64\debug\species.obj
d:\storage\daniil\combustion\0709_gorenie\x64\debug\reactionparser.obj
d:\storage\daniil\combustion\0709_gorenie\x64\debug\reaction.obj
d:\storage\daniil\combustion\0709_gorenie\x64\debug\element.obj
d:\storage\daniil\combustion\0709_gorenie\x64\debug\chemkinreader.obj
d:\storage\daniil\combustion\0709_gorenie\x64\debug\wide_posix_api.obj
d:\storage\daniil\combustion\0709_gorenie\x64\debug\static_mutex.obj
d:\storage\daniil\combustion\0709_gorenie\x64\debug\regex_debug.obj
d:\storage\daniil\combustion\0709_gorenie\x64\debug\regex.obj
d:\storage\daniil\combustion\0709_gorenie\x64\debug\posix_api.obj
d:\storage\daniil\combustion\0709_gorenie\x64\debug\thermodynamic.obj
d:\storage\daniil\combustion\0709_gorenie\x64\debug\polyfit.obj
d:\storage\daniil\combustion\0709_gorenie\x64\debug\mmcollisionint.obj
d:\storage\daniil\combustion\0709_gorenie\x64\debug\gastransport.obj
d:\storage\daniil\combustion\0709_gorenie\x64\debug\functions_sundials.obj
d:\storage\daniil\combustion\0709_gorenie\x64\debug\constants.obj
d:\storage\daniil\combustion\0709_gorenie\x64\debug\concentration.obj
d:\storage\daniil\combustion\sundials_build\bin\debug\0709_gorenie.exe
d:\storage\daniil\combustion\sundials_build\bin\debug\0709_gorenie.pdb
d:\storage\daniil\combustion\0709_gorenie\x64\debug\0709_gorenie.ilk
d:\storage\daniil\combustion\0709_gorenie\x64\debug\0709_gorenie.tlog\cl.command.1.tlog
d:\storage\daniil\combustion\0709_gorenie\x64\debug\0709_gorenie.tlog\cl.items.tlog
d:\storage\daniil\combustion\0709_gorenie\x64\debug\0709_gorenie.tlog\cl.read.1.tlog
d:\storage\daniil\combustion\0709_gorenie\x64\debug\0709_gorenie.tlog\cl.write.1.tlog
d:\storage\daniil\combustion\0709_gorenie\x64\debug\0709_gorenie.tlog\link.command.1.tlog
d:\storage\daniil\combustion\0709_gorenie\x64\debug\0709_gorenie.tlog\link.read.1.tlog
d:\storage\daniil\combustion\0709_gorenie\x64\debug\0709_gorenie.tlog\link.secondary.1.tlog
d:\storage\daniil\combustion\0709_gorenie\x64\debug\0709_gorenie.tlog\link.write.1.tlog
