  Building Custom Rule D:/Storage/Daniil/gorenie_version/gorenie_try1_10/sundials/sundials-6.5.1/src/idas/CMakeLists.txt
  idas.c
D:\Storage\Daniil\gorenie_version\gorenie_try1_10\sundials\sundials-6.5.1\src\sundials\sundials_hashmap.h(26,48): warning C4305: инициализация: усечение из "unsigned __int64" в "const unsigned long"
D:\Storage\Daniil\gorenie_version\gorenie_try1_10\sundials\sundials-6.5.1\src\sundials\sundials_hashmap.h(27,48): warning C4305: инициализация: усечение из "unsigned __int64" в "const unsigned long"
D:\Storage\Daniil\gorenie_version\gorenie_try1_10\sundials\sundials-6.5.1\src\idas\idas.c(933,32): warning C4244: +=: преобразование "sunindextype" в "long", возможна потеря данных
D:\Storage\Daniil\gorenie_version\gorenie_try1_10\sundials\sundials-6.5.1\src\idas\idas.c(934,32): warning C4244: +=: преобразование "sunindextype" в "long", возможна потеря данных
D:\Storage\Daniil\gorenie_version\gorenie_try1_10\sundials\sundials-6.5.1\src\idas\idas.c(1197,32): warning C4244: +=: преобразование "sunindextype" в "long", возможна потеря данных
D:\Storage\Daniil\gorenie_version\gorenie_try1_10\sundials\sundials-6.5.1\src\idas\idas.c(1198,32): warning C4244: +=: преобразование "sunindextype" в "long", возможна потеря данных
D:\Storage\Daniil\gorenie_version\gorenie_try1_10\sundials\sundials-6.5.1\src\idas\idas.c(1681,40): warning C4244: +=: преобразование "sunindextype" в "long", возможна потеря данных
D:\Storage\Daniil\gorenie_version\gorenie_try1_10\sundials\sundials-6.5.1\src\idas\idas.c(1682,40): warning C4244: +=: преобразование "sunindextype" в "long", возможна потеря данных
D:\Storage\Daniil\gorenie_version\gorenie_try1_10\sundials\sundials-6.5.1\src\idas\idas.c(1986,40): warning C4244: +=: преобразование "sunindextype" в "long", возможна потеря данных
D:\Storage\Daniil\gorenie_version\gorenie_try1_10\sundials\sundials-6.5.1\src\idas\idas.c(1987,40): warning C4244: +=: преобразование "sunindextype" в "long", возможна потеря данных
D:\Storage\Daniil\gorenie_version\gorenie_try1_10\sundials\sundials-6.5.1\src\idas\idas.c(3915,36): warning C4244: +=: преобразование "sunindextype" в "long", возможна потеря данных
D:\Storage\Daniil\gorenie_version\gorenie_try1_10\sundials\sundials-6.5.1\src\idas\idas.c(3916,36): warning C4244: +=: преобразование "sunindextype" в "long", возможна потеря данных
D:\Storage\Daniil\gorenie_version\gorenie_try1_10\sundials\sundials-6.5.1\src\idas\idas.c(3949,36): warning C4244: -=: преобразование "sunindextype" в "long", возможна потеря данных
D:\Storage\Daniil\gorenie_version\gorenie_try1_10\sundials\sundials-6.5.1\src\idas\idas.c(3950,36): warning C4244: -=: преобразование "sunindextype" в "long", возможна потеря данных
D:\Storage\Daniil\gorenie_version\gorenie_try1_10\sundials\sundials-6.5.1\src\idas\idas.c(3954,32): warning C4244: -=: преобразование "sunindextype" в "long", возможна потеря данных
D:\Storage\Daniil\gorenie_version\gorenie_try1_10\sundials\sundials-6.5.1\src\idas\idas.c(3955,32): warning C4244: -=: преобразование "sunindextype" в "long", возможна потеря данных
D:\Storage\Daniil\gorenie_version\gorenie_try1_10\sundials\sundials-6.5.1\src\idas\idas.c(3961,32): warning C4244: -=: преобразование "sunindextype" в "long", возможна потеря данных
D:\Storage\Daniil\gorenie_version\gorenie_try1_10\sundials\sundials-6.5.1\src\idas\idas.c(3962,32): warning C4244: -=: преобразование "sunindextype" в "long", возможна потеря данных
D:\Storage\Daniil\gorenie_version\gorenie_try1_10\sundials\sundials-6.5.1\src\idas\idas.c(3967,32): warning C4244: -=: преобразование "sunindextype" в "long", возможна потеря данных
D:\Storage\Daniil\gorenie_version\gorenie_try1_10\sundials\sundials-6.5.1\src\idas\idas.c(3968,32): warning C4244: -=: преобразование "sunindextype" в "long", возможна потеря данных
D:\Storage\Daniil\gorenie_version\gorenie_try1_10\sundials\sundials-6.5.1\src\idas\idas.c(4030,46): warning C4244: +=: преобразование "sunindextype" в "long", возможна потеря данных
D:\Storage\Daniil\gorenie_version\gorenie_try1_10\sundials\sundials-6.5.1\src\idas\idas.c(4031,46): warning C4244: +=: преобразование "sunindextype" в "long", возможна потеря данных
D:\Storage\Daniil\gorenie_version\gorenie_try1_10\sundials\sundials-6.5.1\src\idas\idas.c(4057,46): warning C4244: -=: преобразование "sunindextype" в "long", возможна потеря данных
D:\Storage\Daniil\gorenie_version\gorenie_try1_10\sundials\sundials-6.5.1\src\idas\idas.c(4058,46): warning C4244: -=: преобразование "sunindextype" в "long", возможна потеря данных
D:\Storage\Daniil\gorenie_version\gorenie_try1_10\sundials\sundials-6.5.1\src\idas\idas.c(4062,32): warning C4244: -=: преобразование "sunindextype" в "long", возможна потеря данных
D:\Storage\Daniil\gorenie_version\gorenie_try1_10\sundials\sundials-6.5.1\src\idas\idas.c(4063,32): warning C4244: -=: преобразование "sunindextype" в "long", возможна потеря данных
D:\Storage\Daniil\gorenie_version\gorenie_try1_10\sundials\sundials-6.5.1\src\idas\idas.c(4153,44): warning C4244: +=: преобразование "sunindextype" в "long", возможна потеря данных
D:\Storage\Daniil\gorenie_version\gorenie_try1_10\sundials\sundials-6.5.1\src\idas\idas.c(4154,44): warning C4244: +=: преобразование "sunindextype" в "long", возможна потеря данных
D:\Storage\Daniil\gorenie_version\gorenie_try1_10\sundials\sundials-6.5.1\src\idas\idas.c(4177,45): warning C4244: +=: преобразование "sunindextype" в "long", возможна потеря данных
D:\Storage\Daniil\gorenie_version\gorenie_try1_10\sundials\sundials-6.5.1\src\idas\idas.c(4178,45): warning C4244: +=: преобразование "sunindextype" в "long", возможна потеря данных
D:\Storage\Daniil\gorenie_version\gorenie_try1_10\sundials\sundials-6.5.1\src\idas\idas.c(4246,78): warning C4244: -=: преобразование "sunindextype" в "long", возможна потеря данных
D:\Storage\Daniil\gorenie_version\gorenie_try1_10\sundials\sundials-6.5.1\src\idas\idas.c(4247,78): warning C4244: -=: преобразование "sunindextype" в "long", возможна потеря данных
D:\Storage\Daniil\gorenie_version\gorenie_try1_10\sundials\sundials-6.5.1\src\idas\idas.c(4251,40): warning C4244: -=: преобразование "sunindextype" в "long", возможна потеря данных
D:\Storage\Daniil\gorenie_version\gorenie_try1_10\sundials\sundials-6.5.1\src\idas\idas.c(4252,40): warning C4244: -=: преобразование "sunindextype" в "long", возможна потеря данных
D:\Storage\Daniil\gorenie_version\gorenie_try1_10\sundials\sundials-6.5.1\src\idas\idas.c(4328,51): warning C4244: +=: преобразование "sunindextype" в "long", возможна потеря данных
D:\Storage\Daniil\gorenie_version\gorenie_try1_10\sundials\sundials-6.5.1\src\idas\idas.c(4329,51): warning C4244: +=: преобразование "sunindextype" в "long", возможна потеря данных
D:\Storage\Daniil\gorenie_version\gorenie_try1_10\sundials\sundials-6.5.1\src\idas\idas.c(4355,51): warning C4244: -=: преобразование "sunindextype" в "long", возможна потеря данных
D:\Storage\Daniil\gorenie_version\gorenie_try1_10\sundials\sundials-6.5.1\src\idas\idas.c(4356,51): warning C4244: -=: преобразование "sunindextype" в "long", возможна потеря данных
D:\Storage\Daniil\gorenie_version\gorenie_try1_10\sundials\sundials-6.5.1\src\idas\idas.c(4360,40): warning C4244: -=: преобразование "sunindextype" в "long", возможна потеря данных
D:\Storage\Daniil\gorenie_version\gorenie_try1_10\sundials\sundials-6.5.1\src\idas\idas.c(4361,40): warning C4244: -=: преобразование "sunindextype" в "long", возможна потеря данных
  idaa.c
D:\Storage\Daniil\gorenie_version\gorenie_try1_10\sundials\sundials-6.5.1\src\sundials\sundials_hashmap.h(26,48): warning C4305: инициализация: усечение из "unsigned __int64" в "const unsigned long"
D:\Storage\Daniil\gorenie_version\gorenie_try1_10\sundials\sundials-6.5.1\src\sundials\sundials_hashmap.h(27,48): warning C4305: инициализация: усечение из "unsigned __int64" в "const unsigned long"
  idas_direct.c
  idas_io.c
D:\Storage\Daniil\gorenie_version\gorenie_try1_10\sundials\sundials-6.5.1\src\sundials\sundials_hashmap.h(26,48): warning C4305: инициализация: усечение из "unsigned __int64" в "const unsigned long"
D:\Storage\Daniil\gorenie_version\gorenie_try1_10\sundials\sundials-6.5.1\src\sundials\sundials_hashmap.h(27,48): warning C4305: инициализация: усечение из "unsigned __int64" в "const unsigned long"
D:\Storage\Daniil\gorenie_version\gorenie_try1_10\sundials\sundials-6.5.1\src\idas\idas_io.c(566,34): warning C4244: -=: преобразование "sunindextype" в "long", возможна потеря данных
D:\Storage\Daniil\gorenie_version\gorenie_try1_10\sundials\sundials-6.5.1\src\idas\idas_io.c(567,34): warning C4244: -=: преобразование "sunindextype" в "long", возможна потеря данных
D:\Storage\Daniil\gorenie_version\gorenie_try1_10\sundials\sundials-6.5.1\src\idas\idas_io.c(575,32): warning C4244: +=: преобразование "sunindextype" в "long", возможна потеря данных
D:\Storage\Daniil\gorenie_version\gorenie_try1_10\sundials\sundials-6.5.1\src\idas\idas_io.c(576,32): warning C4244: +=: преобразование "sunindextype" в "long", возможна потеря данных
D:\Storage\Daniil\gorenie_version\gorenie_try1_10\sundials\sundials-6.5.1\src\idas\idas_io.c(604,34): warning C4244: -=: преобразование "sunindextype" в "long", возможна потеря данных
D:\Storage\Daniil\gorenie_version\gorenie_try1_10\sundials\sundials-6.5.1\src\idas\idas_io.c(605,34): warning C4244: -=: преобразование "sunindextype" в "long", возможна потеря данных
D:\Storage\Daniil\gorenie_version\gorenie_try1_10\sundials\sundials-6.5.1\src\idas\idas_io.c(633,32): warning C4244: +=: преобразование "sunindextype" в "long", возможна потеря данных
D:\Storage\Daniil\gorenie_version\gorenie_try1_10\sundials\sundials-6.5.1\src\idas\idas_io.c(634,32): warning C4244: +=: преобразование "sunindextype" в "long", возможна потеря данных
  idas_ic.c
D:\Storage\Daniil\gorenie_version\gorenie_try1_10\sundials\sundials-6.5.1\src\sundials\sundials_hashmap.h(26,48): warning C4305: инициализация: усечение из "unsigned __int64" в "const unsigned long"
D:\Storage\Daniil\gorenie_version\gorenie_try1_10\sundials\sundials-6.5.1\src\sundials\sundials_hashmap.h(27,48): warning C4305: инициализация: усечение из "unsigned __int64" в "const unsigned long"
  idaa_io.c
D:\Storage\Daniil\gorenie_version\gorenie_try1_10\sundials\sundials-6.5.1\src\sundials\sundials_hashmap.h(26,48): warning C4305: инициализация: усечение из "unsigned __int64" в "const unsigned long"
D:\Storage\Daniil\gorenie_version\gorenie_try1_10\sundials\sundials-6.5.1\src\sundials\sundials_hashmap.h(27,48): warning C4305: инициализация: усечение из "unsigned __int64" в "const unsigned long"
  idas_ls.c
D:\Storage\Daniil\gorenie_version\gorenie_try1_10\sundials\sundials-6.5.1\src\sundials\sundials_hashmap.h(26,48): warning C4305: инициализация: усечение из "unsigned __int64" в "const unsigned long"
D:\Storage\Daniil\gorenie_version\gorenie_try1_10\sundials\sundials-6.5.1\src\sundials\sundials_hashmap.h(27,48): warning C4305: инициализация: усечение из "unsigned __int64" в "const unsigned long"
D:\Storage\Daniil\gorenie_version\gorenie_try1_10\sundials\sundials-6.5.1\src\idas\idas_ls.c(303,25): warning C4244: функция: преобразование "sunindextype" в "double", возможна потеря данных
D:\Storage\Daniil\gorenie_version\gorenie_try1_10\sundials\sundials-6.5.1\src\idas\idas_ls.c(404,25): warning C4244: функция: преобразование "sunindextype" в "double", возможна потеря данных
D:\Storage\Daniil\gorenie_version\gorenie_try1_10\sundials\sundials-6.5.1\src\idas\idas_ls.c(654,18): warning C4244: +=: преобразование "sunindextype" в "long", возможна потеря данных
D:\Storage\Daniil\gorenie_version\gorenie_try1_10\sundials\sundials-6.5.1\src\idas\idas_ls.c(655,18): warning C4244: +=: преобразование "sunindextype" в "long", возможна потеря данных
  idas_bbdpre.c
D:\Storage\Daniil\gorenie_version\gorenie_try1_10\sundials\sundials-6.5.1\src\sundials\sundials_hashmap.h(26,48): warning C4305: инициализация: усечение из "unsigned __int64" в "const unsigned long"
D:\Storage\Daniil\gorenie_version\gorenie_try1_10\sundials\sundials-6.5.1\src\sundials\sundials_hashmap.h(27,48): warning C4305: инициализация: усечение из "unsigned __int64" в "const unsigned long"
D:\Storage\Daniil\gorenie_version\gorenie_try1_10\sundials\sundials-6.5.1\src\idas\idas_bbdpre.c(259,24): warning C4244: +=: преобразование "sunindextype" в "long", возможна потеря данных
D:\Storage\Daniil\gorenie_version\gorenie_try1_10\sundials\sundials-6.5.1\src\idas\idas_bbdpre.c(260,24): warning C4244: +=: преобразование "sunindextype" в "long", возможна потеря данных
D:\Storage\Daniil\gorenie_version\gorenie_try1_10\sundials\sundials-6.5.1\src\idas\idas_bbdpre.c(264,24): warning C4244: +=: преобразование "sunindextype" в "long", возможна потеря данных
D:\Storage\Daniil\gorenie_version\gorenie_try1_10\sundials\sundials-6.5.1\src\idas\idas_bbdpre.c(265,24): warning C4244: +=: преобразование "sunindextype" в "long", возможна потеря данных
  idas_nls.c
D:\Storage\Daniil\gorenie_version\gorenie_try1_10\sundials\sundials-6.5.1\src\sundials\sundials_hashmap.h(26,48): warning C4305: инициализация: усечение из "unsigned __int64" в "const unsigned long"
D:\Storage\Daniil\gorenie_version\gorenie_try1_10\sundials\sundials-6.5.1\src\sundials\sundials_hashmap.h(27,48): warning C4305: инициализация: усечение из "unsigned __int64" в "const unsigned long"
  idas_nls_sim.c
D:\Storage\Daniil\gorenie_version\gorenie_try1_10\sundials\sundials-6.5.1\src\sundials\sundials_hashmap.h(26,48): warning C4305: инициализация: усечение из "unsigned __int64" в "const unsigned long"
D:\Storage\Daniil\gorenie_version\gorenie_try1_10\sundials\sundials-6.5.1\src\sundials\sundials_hashmap.h(27,48): warning C4305: инициализация: усечение из "unsigned __int64" в "const unsigned long"
  idas_nls_stg.c
D:\Storage\Daniil\gorenie_version\gorenie_try1_10\sundials\sundials-6.5.1\src\sundials\sundials_hashmap.h(26,48): warning C4305: инициализация: усечение из "unsigned __int64" в "const unsigned long"
D:\Storage\Daniil\gorenie_version\gorenie_try1_10\sundials\sundials-6.5.1\src\sundials\sundials_hashmap.h(27,48): warning C4305: инициализация: усечение из "unsigned __int64" в "const unsigned long"
  idas_spils.c
  Создание кода...
  sundials_idas_obj_static.vcxproj -> D:\Storage\Daniil\gorenie_version\gorenie_try1_10\sundials_build\src\idas\sundials_idas_obj_static.dir\Debug\sundials_idas_obj_static.lib
