d:\storage\daniil\gorenie_version\gorenie_try1_10\sundials_build\src\sundials\sundials_generic_obj_static.dir\release\sundials_version.obj
d:\storage\daniil\gorenie_version\gorenie_try1_10\sundials_build\src\sundials\sundials_generic_obj_static.dir\release\sundials_nvector_senswrapper.obj
d:\storage\daniil\gorenie_version\gorenie_try1_10\sundials_build\src\sundials\sundials_generic_obj_static.dir\release\sundials_nvector.obj
d:\storage\daniil\gorenie_version\gorenie_try1_10\sundials_build\src\sundials\sundials_generic_obj_static.dir\release\sundials_nonlinearsolver.obj
d:\storage\daniil\gorenie_version\gorenie_try1_10\sundials_build\src\sundials\sundials_generic_obj_static.dir\release\sundials_memory.obj
d:\storage\daniil\gorenie_version\gorenie_try1_10\sundials_build\src\sundials\sundials_generic_obj_static.dir\release\sundials_matrix.obj
d:\storage\daniil\gorenie_version\gorenie_try1_10\sundials_build\src\sundials\sundials_generic_obj_static.dir\release\sundials_math.obj
d:\storage\daniil\gorenie_version\gorenie_try1_10\sundials_build\src\sundials\sundials_generic_obj_static.dir\release\sundials_logger.obj
d:\storage\daniil\gorenie_version\gorenie_try1_10\sundials_build\src\sundials\sundials_generic_obj_static.dir\release\sundials_linearsolver.obj
d:\storage\daniil\gorenie_version\gorenie_try1_10\sundials_build\src\sundials\sundials_generic_obj_static.dir\release\sundials_iterative.obj
d:\storage\daniil\gorenie_version\gorenie_try1_10\sundials_build\src\sundials\sundials_generic_obj_static.dir\release\sundials_direct.obj
d:\storage\daniil\gorenie_version\gorenie_try1_10\sundials_build\src\sundials\sundials_generic_obj_static.dir\release\sundials_dense.obj
d:\storage\daniil\gorenie_version\gorenie_try1_10\sundials_build\src\sundials\sundials_generic_obj_static.dir\release\sundials_context.obj
d:\storage\daniil\gorenie_version\gorenie_try1_10\sundials_build\src\sundials\sundials_generic_obj_static.dir\release\sundials_band.obj
d:\storage\daniil\gorenie_version\gorenie_try1_10\sundials_build\src\sundials\cmakefiles\generate.stamp
d:\storage\daniil\gorenie_version\gorenie_try1_10\sundials_build\src\sundials\sundials_generic_obj_static.dir\release\sundials_generic_obj_static.lib
d:\storage\daniil\gorenie_version\gorenie_try1_10\sundials_build\src\sundials\sundials_generic_obj_static.dir\release\sundials.76eb0017.tlog\cl.command.1.tlog
d:\storage\daniil\gorenie_version\gorenie_try1_10\sundials_build\src\sundials\sundials_generic_obj_static.dir\release\sundials.76eb0017.tlog\cl.items.tlog
d:\storage\daniil\gorenie_version\gorenie_try1_10\sundials_build\src\sundials\sundials_generic_obj_static.dir\release\sundials.76eb0017.tlog\cl.read.1.tlog
d:\storage\daniil\gorenie_version\gorenie_try1_10\sundials_build\src\sundials\sundials_generic_obj_static.dir\release\sundials.76eb0017.tlog\cl.write.1.tlog
d:\storage\daniil\gorenie_version\gorenie_try1_10\sundials_build\src\sundials\sundials_generic_obj_static.dir\release\sundials.76eb0017.tlog\custombuild.command.1.tlog
d:\storage\daniil\gorenie_version\gorenie_try1_10\sundials_build\src\sundials\sundials_generic_obj_static.dir\release\sundials.76eb0017.tlog\custombuild.read.1.tlog
d:\storage\daniil\gorenie_version\gorenie_try1_10\sundials_build\src\sundials\sundials_generic_obj_static.dir\release\sundials.76eb0017.tlog\custombuild.write.1.tlog
d:\storage\daniil\gorenie_version\gorenie_try1_10\sundials_build\src\sundials\sundials_generic_obj_static.dir\release\sundials.76eb0017.tlog\lib-link.read.1.tlog
d:\storage\daniil\gorenie_version\gorenie_try1_10\sundials_build\src\sundials\sundials_generic_obj_static.dir\release\sundials.76eb0017.tlog\lib-link.write.1.tlog
d:\storage\daniil\gorenie_version\gorenie_try1_10\sundials_build\src\sundials\sundials_generic_obj_static.dir\release\sundials.76eb0017.tlog\lib.command.1.tlog
