d:\storage\daniil\combustion\0709_gorenie\x64\release\vc143.pdb
d:\storage\daniil\combustion\0709_gorenie\x64\release\0709_gorenie.obj
d:\storage\daniil\combustion\0709_gorenie\x64\release\json_writer.obj
d:\storage\daniil\combustion\0709_gorenie\x64\release\json_value.obj
d:\storage\daniil\combustion\0709_gorenie\x64\release\json_util.obj
d:\storage\daniil\combustion\0709_gorenie\x64\release\json_reader.obj
d:\storage\daniil\combustion\0709_gorenie\x64\release\transportparser.obj
d:\storage\daniil\combustion\0709_gorenie\x64\release\transport.obj
d:\storage\daniil\combustion\0709_gorenie\x64\release\thermoparser.obj
d:\storage\daniil\combustion\0709_gorenie\x64\release\thermo.obj
d:\storage\daniil\combustion\0709_gorenie\x64\release\stringfunctions.obj
d:\storage\daniil\combustion\0709_gorenie\x64\release\species.obj
d:\storage\daniil\combustion\0709_gorenie\x64\release\reactionparser.obj
d:\storage\daniil\combustion\0709_gorenie\x64\release\reaction.obj
d:\storage\daniil\combustion\0709_gorenie\x64\release\element.obj
d:\storage\daniil\combustion\0709_gorenie\x64\release\chemkinreader.obj
d:\storage\daniil\combustion\0709_gorenie\x64\release\wide_posix_api.obj
d:\storage\daniil\combustion\0709_gorenie\x64\release\static_mutex.obj
d:\storage\daniil\combustion\0709_gorenie\x64\release\regex_debug.obj
d:\storage\daniil\combustion\0709_gorenie\x64\release\regex.obj
d:\storage\daniil\combustion\0709_gorenie\x64\release\posix_api.obj
d:\storage\daniil\combustion\0709_gorenie\x64\release\thermodynamic.obj
d:\storage\daniil\combustion\0709_gorenie\x64\release\polyfit.obj
d:\storage\daniil\combustion\0709_gorenie\x64\release\mmcollisionint.obj
d:\storage\daniil\combustion\0709_gorenie\x64\release\gastransport.obj
d:\storage\daniil\combustion\0709_gorenie\x64\release\functions_sundials.obj
d:\storage\daniil\combustion\0709_gorenie\x64\release\constants.obj
d:\storage\daniil\combustion\0709_gorenie\x64\release\concentration.obj
d:\storage\daniil\combustion\sundials_build\bin\release\0709_gorenie.exe
d:\storage\daniil\combustion\sundials_build\bin\release\0709_gorenie.pdb
d:\storage\daniil\combustion\0709_gorenie\x64\release\0709_gorenie.ipdb
d:\storage\daniil\combustion\0709_gorenie\x64\release\0709_gorenie.iobj
d:\storage\daniil\combustion\0709_gorenie\x64\release\0709_gorenie.tlog\cl.command.1.tlog
d:\storage\daniil\combustion\0709_gorenie\x64\release\0709_gorenie.tlog\cl.items.tlog
d:\storage\daniil\combustion\0709_gorenie\x64\release\0709_gorenie.tlog\cl.read.1.tlog
d:\storage\daniil\combustion\0709_gorenie\x64\release\0709_gorenie.tlog\cl.write.1.tlog
d:\storage\daniil\combustion\0709_gorenie\x64\release\0709_gorenie.tlog\link.command.1.tlog
d:\storage\daniil\combustion\0709_gorenie\x64\release\0709_gorenie.tlog\link.read.1.tlog
d:\storage\daniil\combustion\0709_gorenie\x64\release\0709_gorenie.tlog\link.secondary.1.tlog
d:\storage\daniil\combustion\0709_gorenie\x64\release\0709_gorenie.tlog\link.write.1.tlog
