d:\storage\daniil\gorenie_version\gorenie_try1_10\sundials_build\cmakefiles\generate.stamp
d:\storage\daniil\gorenie_version\gorenie_try1_10\sundials_build\src\cmakefiles\generate.stamp
d:\storage\daniil\gorenie_version\gorenie_try1_10\sundials_build\src\sundials\cmakefiles\generate.stamp
d:\storage\daniil\gorenie_version\gorenie_try1_10\sundials_build\src\nvector\cmakefiles\generate.stamp
d:\storage\daniil\gorenie_version\gorenie_try1_10\sundials_build\src\nvector\serial\cmakefiles\generate.stamp
d:\storage\daniil\gorenie_version\gorenie_try1_10\sundials_build\src\nvector\manyvector\cmakefiles\generate.stamp
d:\storage\daniil\gorenie_version\gorenie_try1_10\sundials_build\src\nvector\openmp\cmakefiles\generate.stamp
d:\storage\daniil\gorenie_version\gorenie_try1_10\sundials_build\src\sunmatrix\cmakefiles\generate.stamp
d:\storage\daniil\gorenie_version\gorenie_try1_10\sundials_build\src\sunmatrix\band\cmakefiles\generate.stamp
d:\storage\daniil\gorenie_version\gorenie_try1_10\sundials_build\src\sunmatrix\dense\cmakefiles\generate.stamp
d:\storage\daniil\gorenie_version\gorenie_try1_10\sundials_build\src\sunmatrix\sparse\cmakefiles\generate.stamp
d:\storage\daniil\gorenie_version\gorenie_try1_10\sundials_build\src\sunlinsol\cmakefiles\generate.stamp
d:\storage\daniil\gorenie_version\gorenie_try1_10\sundials_build\src\sunlinsol\band\cmakefiles\generate.stamp
d:\storage\daniil\gorenie_version\gorenie_try1_10\sundials_build\src\sunlinsol\dense\cmakefiles\generate.stamp
d:\storage\daniil\gorenie_version\gorenie_try1_10\sundials_build\src\sunlinsol\pcg\cmakefiles\generate.stamp
d:\storage\daniil\gorenie_version\gorenie_try1_10\sundials_build\src\sunlinsol\spbcgs\cmakefiles\generate.stamp
d:\storage\daniil\gorenie_version\gorenie_try1_10\sundials_build\src\sunlinsol\spfgmr\cmakefiles\generate.stamp
d:\storage\daniil\gorenie_version\gorenie_try1_10\sundials_build\src\sunlinsol\spgmr\cmakefiles\generate.stamp
d:\storage\daniil\gorenie_version\gorenie_try1_10\sundials_build\src\sunlinsol\sptfqmr\cmakefiles\generate.stamp
d:\storage\daniil\gorenie_version\gorenie_try1_10\sundials_build\src\sunnonlinsol\cmakefiles\generate.stamp
d:\storage\daniil\gorenie_version\gorenie_try1_10\sundials_build\src\sunnonlinsol\newton\cmakefiles\generate.stamp
d:\storage\daniil\gorenie_version\gorenie_try1_10\sundials_build\src\sunnonlinsol\fixedpoint\cmakefiles\generate.stamp
d:\storage\daniil\gorenie_version\gorenie_try1_10\sundials_build\src\sunmemory\cmakefiles\generate.stamp
d:\storage\daniil\gorenie_version\gorenie_try1_10\sundials_build\src\sunmemory\system\cmakefiles\generate.stamp
d:\storage\daniil\gorenie_version\gorenie_try1_10\sundials_build\src\arkode\cmakefiles\generate.stamp
d:\storage\daniil\gorenie_version\gorenie_try1_10\sundials_build\src\cvode\cmakefiles\generate.stamp
d:\storage\daniil\gorenie_version\gorenie_try1_10\sundials_build\src\cvodes\cmakefiles\generate.stamp
d:\storage\daniil\gorenie_version\gorenie_try1_10\sundials_build\src\ida\cmakefiles\generate.stamp
d:\storage\daniil\gorenie_version\gorenie_try1_10\sundials_build\src\idas\cmakefiles\generate.stamp
d:\storage\daniil\gorenie_version\gorenie_try1_10\sundials_build\src\kinsol\cmakefiles\generate.stamp
d:\storage\daniil\gorenie_version\gorenie_try1_10\sundials_build\examples\cmakefiles\generate.stamp
d:\storage\daniil\gorenie_version\gorenie_try1_10\sundials_build\examples\arkode\cmakefiles\generate.stamp
d:\storage\daniil\gorenie_version\gorenie_try1_10\sundials_build\examples\arkode\c_serial\cmakefiles\generate.stamp
d:\storage\daniil\gorenie_version\gorenie_try1_10\sundials_build\examples\arkode\c_manyvector\cmakefiles\generate.stamp
d:\storage\daniil\gorenie_version\gorenie_try1_10\sundials_build\examples\arkode\c_openmp\cmakefiles\generate.stamp
d:\storage\daniil\gorenie_version\gorenie_try1_10\sundials_build\examples\cvode\cmakefiles\generate.stamp
d:\storage\daniil\gorenie_version\gorenie_try1_10\sundials_build\examples\cvode\serial\cmakefiles\generate.stamp
d:\storage\daniil\gorenie_version\gorenie_try1_10\sundials_build\examples\cvode\c_openmp\cmakefiles\generate.stamp
d:\storage\daniil\gorenie_version\gorenie_try1_10\sundials_build\examples\cvodes\cmakefiles\generate.stamp
d:\storage\daniil\gorenie_version\gorenie_try1_10\sundials_build\examples\cvodes\serial\cmakefiles\generate.stamp
d:\storage\daniil\gorenie_version\gorenie_try1_10\sundials_build\examples\cvodes\c_openmp\cmakefiles\generate.stamp
d:\storage\daniil\gorenie_version\gorenie_try1_10\sundials_build\examples\ida\cmakefiles\generate.stamp
d:\storage\daniil\gorenie_version\gorenie_try1_10\sundials_build\examples\ida\serial\cmakefiles\generate.stamp
d:\storage\daniil\gorenie_version\gorenie_try1_10\sundials_build\examples\ida\c_openmp\cmakefiles\generate.stamp
d:\storage\daniil\gorenie_version\gorenie_try1_10\sundials_build\examples\idas\cmakefiles\generate.stamp
d:\storage\daniil\gorenie_version\gorenie_try1_10\sundials_build\examples\idas\serial\cmakefiles\generate.stamp
d:\storage\daniil\gorenie_version\gorenie_try1_10\sundials_build\examples\idas\c_openmp\cmakefiles\generate.stamp
d:\storage\daniil\gorenie_version\gorenie_try1_10\sundials_build\examples\kinsol\cmakefiles\generate.stamp
d:\storage\daniil\gorenie_version\gorenie_try1_10\sundials_build\examples\kinsol\serial\cmakefiles\generate.stamp
d:\storage\daniil\gorenie_version\gorenie_try1_10\sundials_build\examples\kinsol\c_openmp\cmakefiles\generate.stamp
d:\storage\daniil\gorenie_version\gorenie_try1_10\sundials_build\examples\nvector\cmakefiles\generate.stamp
d:\storage\daniil\gorenie_version\gorenie_try1_10\sundials_build\examples\nvector\serial\cmakefiles\generate.stamp
d:\storage\daniil\gorenie_version\gorenie_try1_10\sundials_build\examples\nvector\manyvector\cmakefiles\generate.stamp
d:\storage\daniil\gorenie_version\gorenie_try1_10\sundials_build\examples\nvector\c_openmp\cmakefiles\generate.stamp
d:\storage\daniil\gorenie_version\gorenie_try1_10\sundials_build\examples\sunmatrix\cmakefiles\generate.stamp
d:\storage\daniil\gorenie_version\gorenie_try1_10\sundials_build\examples\sunmatrix\dense\cmakefiles\generate.stamp
d:\storage\daniil\gorenie_version\gorenie_try1_10\sundials_build\examples\sunmatrix\band\cmakefiles\generate.stamp
d:\storage\daniil\gorenie_version\gorenie_try1_10\sundials_build\examples\sunmatrix\sparse\cmakefiles\generate.stamp
d:\storage\daniil\gorenie_version\gorenie_try1_10\sundials_build\examples\sunlinsol\cmakefiles\generate.stamp
d:\storage\daniil\gorenie_version\gorenie_try1_10\sundials_build\examples\sunlinsol\band\cmakefiles\generate.stamp
d:\storage\daniil\gorenie_version\gorenie_try1_10\sundials_build\examples\sunlinsol\dense\cmakefiles\generate.stamp
d:\storage\daniil\gorenie_version\gorenie_try1_10\sundials_build\examples\sunlinsol\spgmr\serial\cmakefiles\generate.stamp
d:\storage\daniil\gorenie_version\gorenie_try1_10\sundials_build\examples\sunlinsol\spfgmr\serial\cmakefiles\generate.stamp
d:\storage\daniil\gorenie_version\gorenie_try1_10\sundials_build\examples\sunlinsol\spbcgs\serial\cmakefiles\generate.stamp
d:\storage\daniil\gorenie_version\gorenie_try1_10\sundials_build\examples\sunlinsol\sptfqmr\serial\cmakefiles\generate.stamp
d:\storage\daniil\gorenie_version\gorenie_try1_10\sundials_build\examples\sunlinsol\pcg\serial\cmakefiles\generate.stamp
d:\storage\daniil\gorenie_version\gorenie_try1_10\sundials_build\examples\sunnonlinsol\cmakefiles\generate.stamp
d:\storage\daniil\gorenie_version\gorenie_try1_10\sundials_build\examples\sunnonlinsol\newton\cmakefiles\generate.stamp
d:\storage\daniil\gorenie_version\gorenie_try1_10\sundials_build\examples\sunnonlinsol\fixedpoint\cmakefiles\generate.stamp
d:\storage\daniil\gorenie_version\gorenie_try1_10\sundials_build\x64\release\zero_check\zero_check.tlog\custombuild.command.1.tlog
d:\storage\daniil\gorenie_version\gorenie_try1_10\sundials_build\x64\release\zero_check\zero_check.tlog\custombuild.read.1.tlog
d:\storage\daniil\gorenie_version\gorenie_try1_10\sundials_build\x64\release\zero_check\zero_check.tlog\custombuild.write.1.tlog
