  Building Custom Rule D:/Storage/Daniil/gorenie_version/gorenie_try1_10/sundials/sundials-6.5.1/examples/kinsol/serial/CMakeLists.txt
  kinFoodWeb_kry.c
D:\Storage\Daniil\gorenie_version\gorenie_try1_10\sundials\sundials-6.5.1\include\kinsol\kinsol.h(143,1): warning C4141: dllimport: используется несколько раз
kinFoodWeb_kry.obj : error LNK2019: ссылка на неразрешенный внешний символ __imp_KINSetLinearSolver в функции main.
kinFoodWeb_kry.obj : error LNK2019: ссылка на неразрешенный внешний символ __imp_KINSetPreconditioner в функции main.
kinFoodWeb_kry.obj : error LNK2019: ссылка на неразрешенный внешний символ __imp_KINGetNumLinFuncEvals в функции main.
kinFoodWeb_kry.obj : error LNK2019: ссылка на неразрешенный внешний символ __imp_KINGetNumPrecEvals в функции main.
kinFoodWeb_kry.obj : error LNK2019: ссылка на неразрешенный внешний символ __imp_KINGetNumPrecSolves в функции main.
kinFoodWeb_kry.obj : error LNK2019: ссылка на неразрешенный внешний символ __imp_KINGetNumLinIters в функции main.
kinFoodWeb_kry.obj : error LNK2019: ссылка на неразрешенный внешний символ __imp_KINGetNumLinConvFails в функции main.
kinFoodWeb_kry.obj : error LNK2019: ссылка на неразрешенный внешний символ __imp_KINCreate в функции main.
kinFoodWeb_kry.obj : error LNK2019: ссылка на неразрешенный внешний символ __imp_KINInit в функции main.
kinFoodWeb_kry.obj : error LNK2019: ссылка на неразрешенный внешний символ __imp_KINSol в функции main.
kinFoodWeb_kry.obj : error LNK2019: ссылка на неразрешенный внешний символ __imp_KINSetUserData в функции main.
kinFoodWeb_kry.obj : error LNK2019: ссылка на неразрешенный внешний символ __imp_KINSetFuncNormTol в функции main.
kinFoodWeb_kry.obj : error LNK2019: ссылка на неразрешенный внешний символ __imp_KINSetScaledStepTol в функции main.
kinFoodWeb_kry.obj : error LNK2019: ссылка на неразрешенный внешний символ __imp_KINSetConstraints в функции main.
kinFoodWeb_kry.obj : error LNK2019: ссылка на неразрешенный внешний символ __imp_KINGetNumNonlinSolvIters в функции main.
kinFoodWeb_kry.obj : error LNK2019: ссылка на неразрешенный внешний символ __imp_KINGetNumFuncEvals в функции main.
kinFoodWeb_kry.obj : error LNK2019: ссылка на неразрешенный внешний символ __imp_KINFree в функции main.
kinFoodWeb_kry.obj : error LNK2019: ссылка на неразрешенный внешний символ __imp_SUNLinSol_SPGMR в функции main.
kinFoodWeb_kry.obj : error LNK2019: ссылка на неразрешенный внешний символ __imp_SUNLinSol_SPGMRSetMaxRestarts в функции main.
D:\Storage\Daniil\gorenie_version\gorenie_try1_10\sundials_build\bin\Release\kinFoodWeb_kry.exe : fatal error LNK1120: неразрешенных внешних элементов: 19
