d:\storage\daniil\gorenie_version\gorenie_try1_10\sundials_build\src\arkode\sundials_arkode_obj_static.dir\release\arkode.obj
d:\storage\daniil\gorenie_version\gorenie_try1_10\sundials_build\src\arkode\sundials_arkode_obj_static.dir\release\arkode_root.obj
d:\storage\daniil\gorenie_version\gorenie_try1_10\sundials_build\src\arkode\sundials_arkode_obj_static.dir\release\arkode_mristep.obj
d:\storage\daniil\gorenie_version\gorenie_try1_10\sundials_build\src\arkode\sundials_arkode_obj_static.dir\release\arkode_mristep_nls.obj
d:\storage\daniil\gorenie_version\gorenie_try1_10\sundials_build\src\arkode\sundials_arkode_obj_static.dir\release\arkode_mristep_io.obj
d:\storage\daniil\gorenie_version\gorenie_try1_10\sundials_build\src\arkode\sundials_arkode_obj_static.dir\release\arkode_mri_tables.obj
d:\storage\daniil\gorenie_version\gorenie_try1_10\sundials_build\src\arkode\sundials_arkode_obj_static.dir\release\arkode_ls.obj
d:\storage\daniil\gorenie_version\gorenie_try1_10\sundials_build\src\arkode\sundials_arkode_obj_static.dir\release\arkode_io.obj
d:\storage\daniil\gorenie_version\gorenie_try1_10\sundials_build\src\arkode\sundials_arkode_obj_static.dir\release\arkode_interp.obj
d:\storage\daniil\gorenie_version\gorenie_try1_10\sundials_build\src\arkode\sundials_arkode_obj_static.dir\release\arkode_erkstep.obj
d:\storage\daniil\gorenie_version\gorenie_try1_10\sundials_build\src\arkode\sundials_arkode_obj_static.dir\release\arkode_erkstep_io.obj
d:\storage\daniil\gorenie_version\gorenie_try1_10\sundials_build\src\arkode\sundials_arkode_obj_static.dir\release\arkode_butcher.obj
d:\storage\daniil\gorenie_version\gorenie_try1_10\sundials_build\src\arkode\sundials_arkode_obj_static.dir\release\arkode_butcher_erk.obj
d:\storage\daniil\gorenie_version\gorenie_try1_10\sundials_build\src\arkode\sundials_arkode_obj_static.dir\release\arkode_butcher_dirk.obj
d:\storage\daniil\gorenie_version\gorenie_try1_10\sundials_build\src\arkode\sundials_arkode_obj_static.dir\release\arkode_bbdpre.obj
d:\storage\daniil\gorenie_version\gorenie_try1_10\sundials_build\src\arkode\sundials_arkode_obj_static.dir\release\arkode_bandpre.obj
d:\storage\daniil\gorenie_version\gorenie_try1_10\sundials_build\src\arkode\sundials_arkode_obj_static.dir\release\arkode_arkstep.obj
d:\storage\daniil\gorenie_version\gorenie_try1_10\sundials_build\src\arkode\sundials_arkode_obj_static.dir\release\arkode_arkstep_nls.obj
d:\storage\daniil\gorenie_version\gorenie_try1_10\sundials_build\src\arkode\sundials_arkode_obj_static.dir\release\arkode_arkstep_io.obj
d:\storage\daniil\gorenie_version\gorenie_try1_10\sundials_build\src\arkode\sundials_arkode_obj_static.dir\release\arkode_adapt.obj
d:\storage\daniil\gorenie_version\gorenie_try1_10\sundials_build\src\arkode\cmakefiles\generate.stamp
d:\storage\daniil\gorenie_version\gorenie_try1_10\sundials_build\src\arkode\sundials_arkode_obj_static.dir\release\sundials_arkode_obj_static.lib
d:\storage\daniil\gorenie_version\gorenie_try1_10\sundials_build\src\arkode\sundials_arkode_obj_static.dir\release\sundials.b703500f.tlog\cl.command.1.tlog
d:\storage\daniil\gorenie_version\gorenie_try1_10\sundials_build\src\arkode\sundials_arkode_obj_static.dir\release\sundials.b703500f.tlog\cl.items.tlog
d:\storage\daniil\gorenie_version\gorenie_try1_10\sundials_build\src\arkode\sundials_arkode_obj_static.dir\release\sundials.b703500f.tlog\cl.read.1.tlog
d:\storage\daniil\gorenie_version\gorenie_try1_10\sundials_build\src\arkode\sundials_arkode_obj_static.dir\release\sundials.b703500f.tlog\cl.write.1.tlog
d:\storage\daniil\gorenie_version\gorenie_try1_10\sundials_build\src\arkode\sundials_arkode_obj_static.dir\release\sundials.b703500f.tlog\custombuild.command.1.tlog
d:\storage\daniil\gorenie_version\gorenie_try1_10\sundials_build\src\arkode\sundials_arkode_obj_static.dir\release\sundials.b703500f.tlog\custombuild.read.1.tlog
d:\storage\daniil\gorenie_version\gorenie_try1_10\sundials_build\src\arkode\sundials_arkode_obj_static.dir\release\sundials.b703500f.tlog\custombuild.write.1.tlog
d:\storage\daniil\gorenie_version\gorenie_try1_10\sundials_build\src\arkode\sundials_arkode_obj_static.dir\release\sundials.b703500f.tlog\lib-link.read.1.tlog
d:\storage\daniil\gorenie_version\gorenie_try1_10\sundials_build\src\arkode\sundials_arkode_obj_static.dir\release\sundials.b703500f.tlog\lib-link.write.1.tlog
d:\storage\daniil\gorenie_version\gorenie_try1_10\sundials_build\src\arkode\sundials_arkode_obj_static.dir\release\sundials.b703500f.tlog\lib.command.1.tlog
