d:\storage\daniil\gorenie_version\gorenie_try1_10\sundials_build\src\cvode\sundials_cvode_obj_static.dir\release\cvode_spils.obj
d:\storage\daniil\gorenie_version\gorenie_try1_10\sundials_build\src\cvode\sundials_cvode_obj_static.dir\release\cvode_proj.obj
d:\storage\daniil\gorenie_version\gorenie_try1_10\sundials_build\src\cvode\sundials_cvode_obj_static.dir\release\cvode_nls.obj
d:\storage\daniil\gorenie_version\gorenie_try1_10\sundials_build\src\cvode\sundials_cvode_obj_static.dir\release\cvode_ls.obj
d:\storage\daniil\gorenie_version\gorenie_try1_10\sundials_build\src\cvode\sundials_cvode_obj_static.dir\release\cvode_io.obj
d:\storage\daniil\gorenie_version\gorenie_try1_10\sundials_build\src\cvode\sundials_cvode_obj_static.dir\release\cvode_direct.obj
d:\storage\daniil\gorenie_version\gorenie_try1_10\sundials_build\src\cvode\sundials_cvode_obj_static.dir\release\cvode_diag.obj
d:\storage\daniil\gorenie_version\gorenie_try1_10\sundials_build\src\cvode\sundials_cvode_obj_static.dir\release\cvode_bbdpre.obj
d:\storage\daniil\gorenie_version\gorenie_try1_10\sundials_build\src\cvode\sundials_cvode_obj_static.dir\release\cvode_bandpre.obj
d:\storage\daniil\gorenie_version\gorenie_try1_10\sundials_build\src\cvode\sundials_cvode_obj_static.dir\release\cvode.obj
d:\storage\daniil\gorenie_version\gorenie_try1_10\sundials_build\src\cvode\cmakefiles\generate.stamp
d:\storage\daniil\gorenie_version\gorenie_try1_10\sundials_build\src\cvode\sundials_cvode_obj_static.dir\release\sundials_cvode_obj_static.lib
d:\storage\daniil\gorenie_version\gorenie_try1_10\sundials_build\src\cvode\sundials_cvode_obj_static.dir\release\sundials.b59a265c.tlog\cl.command.1.tlog
d:\storage\daniil\gorenie_version\gorenie_try1_10\sundials_build\src\cvode\sundials_cvode_obj_static.dir\release\sundials.b59a265c.tlog\cl.items.tlog
d:\storage\daniil\gorenie_version\gorenie_try1_10\sundials_build\src\cvode\sundials_cvode_obj_static.dir\release\sundials.b59a265c.tlog\cl.read.1.tlog
d:\storage\daniil\gorenie_version\gorenie_try1_10\sundials_build\src\cvode\sundials_cvode_obj_static.dir\release\sundials.b59a265c.tlog\cl.write.1.tlog
d:\storage\daniil\gorenie_version\gorenie_try1_10\sundials_build\src\cvode\sundials_cvode_obj_static.dir\release\sundials.b59a265c.tlog\custombuild.command.1.tlog
d:\storage\daniil\gorenie_version\gorenie_try1_10\sundials_build\src\cvode\sundials_cvode_obj_static.dir\release\sundials.b59a265c.tlog\custombuild.read.1.tlog
d:\storage\daniil\gorenie_version\gorenie_try1_10\sundials_build\src\cvode\sundials_cvode_obj_static.dir\release\sundials.b59a265c.tlog\custombuild.write.1.tlog
d:\storage\daniil\gorenie_version\gorenie_try1_10\sundials_build\src\cvode\sundials_cvode_obj_static.dir\release\sundials.b59a265c.tlog\lib-link.read.1.tlog
d:\storage\daniil\gorenie_version\gorenie_try1_10\sundials_build\src\cvode\sundials_cvode_obj_static.dir\release\sundials.b59a265c.tlog\lib-link.write.1.tlog
d:\storage\daniil\gorenie_version\gorenie_try1_10\sundials_build\src\cvode\sundials_cvode_obj_static.dir\release\sundials.b59a265c.tlog\lib.command.1.tlog
