d:\storage\daniil\gorenie_version\gorenie_try1_10\sundials_build\src\cvodes\sundials_cvodes_obj_shared.dir\release\cvodes_spils.obj
d:\storage\daniil\gorenie_version\gorenie_try1_10\sundials_build\src\cvodes\sundials_cvodes_obj_shared.dir\release\cvodes_proj.obj
d:\storage\daniil\gorenie_version\gorenie_try1_10\sundials_build\src\cvodes\sundials_cvodes_obj_shared.dir\release\cvodes_nls_stg1.obj
d:\storage\daniil\gorenie_version\gorenie_try1_10\sundials_build\src\cvodes\sundials_cvodes_obj_shared.dir\release\cvodes_nls_stg.obj
d:\storage\daniil\gorenie_version\gorenie_try1_10\sundials_build\src\cvodes\sundials_cvodes_obj_shared.dir\release\cvodes_nls_sim.obj
d:\storage\daniil\gorenie_version\gorenie_try1_10\sundials_build\src\cvodes\sundials_cvodes_obj_shared.dir\release\cvodes_nls.obj
d:\storage\daniil\gorenie_version\gorenie_try1_10\sundials_build\src\cvodes\sundials_cvodes_obj_shared.dir\release\cvodes_ls.obj
d:\storage\daniil\gorenie_version\gorenie_try1_10\sundials_build\src\cvodes\sundials_cvodes_obj_shared.dir\release\cvodes_io.obj
d:\storage\daniil\gorenie_version\gorenie_try1_10\sundials_build\src\cvodes\sundials_cvodes_obj_shared.dir\release\cvodes_direct.obj
d:\storage\daniil\gorenie_version\gorenie_try1_10\sundials_build\src\cvodes\sundials_cvodes_obj_shared.dir\release\cvodes_diag.obj
d:\storage\daniil\gorenie_version\gorenie_try1_10\sundials_build\src\cvodes\sundials_cvodes_obj_shared.dir\release\cvodes_bbdpre.obj
d:\storage\daniil\gorenie_version\gorenie_try1_10\sundials_build\src\cvodes\sundials_cvodes_obj_shared.dir\release\cvodes_bandpre.obj
d:\storage\daniil\gorenie_version\gorenie_try1_10\sundials_build\src\cvodes\sundials_cvodes_obj_shared.dir\release\cvodes.obj
d:\storage\daniil\gorenie_version\gorenie_try1_10\sundials_build\src\cvodes\sundials_cvodes_obj_shared.dir\release\cvodea_io.obj
d:\storage\daniil\gorenie_version\gorenie_try1_10\sundials_build\src\cvodes\sundials_cvodes_obj_shared.dir\release\cvodea.obj
d:\storage\daniil\gorenie_version\gorenie_try1_10\sundials_build\src\cvodes\cmakefiles\generate.stamp
d:\storage\daniil\gorenie_version\gorenie_try1_10\sundials_build\src\cvodes\sundials_cvodes_obj_shared.dir\release\sundials_cvodes_obj_shared.lib
d:\storage\daniil\gorenie_version\gorenie_try1_10\sundials_build\src\cvodes\sundials_cvodes_obj_shared.dir\release\sundials.a9467c46.tlog\cl.command.1.tlog
d:\storage\daniil\gorenie_version\gorenie_try1_10\sundials_build\src\cvodes\sundials_cvodes_obj_shared.dir\release\sundials.a9467c46.tlog\cl.items.tlog
d:\storage\daniil\gorenie_version\gorenie_try1_10\sundials_build\src\cvodes\sundials_cvodes_obj_shared.dir\release\sundials.a9467c46.tlog\cl.read.1.tlog
d:\storage\daniil\gorenie_version\gorenie_try1_10\sundials_build\src\cvodes\sundials_cvodes_obj_shared.dir\release\sundials.a9467c46.tlog\cl.write.1.tlog
d:\storage\daniil\gorenie_version\gorenie_try1_10\sundials_build\src\cvodes\sundials_cvodes_obj_shared.dir\release\sundials.a9467c46.tlog\custombuild.command.1.tlog
d:\storage\daniil\gorenie_version\gorenie_try1_10\sundials_build\src\cvodes\sundials_cvodes_obj_shared.dir\release\sundials.a9467c46.tlog\custombuild.read.1.tlog
d:\storage\daniil\gorenie_version\gorenie_try1_10\sundials_build\src\cvodes\sundials_cvodes_obj_shared.dir\release\sundials.a9467c46.tlog\custombuild.write.1.tlog
d:\storage\daniil\gorenie_version\gorenie_try1_10\sundials_build\src\cvodes\sundials_cvodes_obj_shared.dir\release\sundials.a9467c46.tlog\lib-link.read.1.tlog
d:\storage\daniil\gorenie_version\gorenie_try1_10\sundials_build\src\cvodes\sundials_cvodes_obj_shared.dir\release\sundials.a9467c46.tlog\lib-link.write.1.tlog
d:\storage\daniil\gorenie_version\gorenie_try1_10\sundials_build\src\cvodes\sundials_cvodes_obj_shared.dir\release\sundials.a9467c46.tlog\lib.command.1.tlog
